mode: set
/Users/petercrawford/New tool/internal/api/handlers/merchant_portfolio_handler.go:39.123,40.19 1 1
/Users/petercrawford/New tool/internal/api/handlers/merchant_portfolio_handler.go:40.19,42.3 1 0
/Users/petercrawford/New tool/internal/api/handlers/merchant_portfolio_handler.go:44.2,47.3 1 1
/Users/petercrawford/New tool/internal/api/handlers/merchant_portfolio_handler.go:181.91,186.61 4 1
/Users/petercrawford/New tool/internal/api/handlers/merchant_portfolio_handler.go:186.61,190.3 3 1
/Users/petercrawford/New tool/internal/api/handlers/merchant_portfolio_handler.go:193.2,193.43 1 1
/Users/petercrawford/New tool/internal/api/handlers/merchant_portfolio_handler.go:193.43,196.3 2 1
/Users/petercrawford/New tool/internal/api/handlers/merchant_portfolio_handler.go:199.2,223.34 2 1
/Users/petercrawford/New tool/internal/api/handlers/merchant_portfolio_handler.go:223.34,225.3 1 1
/Users/petercrawford/New tool/internal/api/handlers/merchant_portfolio_handler.go:226.2,226.30 1 1
/Users/petercrawford/New tool/internal/api/handlers/merchant_portfolio_handler.go:226.30,228.3 1 1
/Users/petercrawford/New tool/internal/api/handlers/merchant_portfolio_handler.go:229.2,229.27 1 1
/Users/petercrawford/New tool/internal/api/handlers/merchant_portfolio_handler.go:229.27,231.3 1 1
/Users/petercrawford/New tool/internal/api/handlers/merchant_portfolio_handler.go:234.2,235.16 2 1
/Users/petercrawford/New tool/internal/api/handlers/merchant_portfolio_handler.go:235.16,239.3 3 1
/Users/petercrawford/New tool/internal/api/handlers/merchant_portfolio_handler.go:242.2,246.37 4 1
/Users/petercrawford/New tool/internal/api/handlers/merchant_portfolio_handler.go:250.88,253.22 3 1
/Users/petercrawford/New tool/internal/api/handlers/merchant_portfolio_handler.go:253.22,256.3 2 0
/Users/petercrawford/New tool/internal/api/handlers/merchant_portfolio_handler.go:258.2,261.16 3 1
/Users/petercrawford/New tool/internal/api/handlers/merchant_portfolio_handler.go:261.16,263.42 2 1
/Users/petercrawford/New tool/internal/api/handlers/merchant_portfolio_handler.go:263.42,265.4 1 1
/Users/petercrawford/New tool/internal/api/handlers/merchant_portfolio_handler.go:265.9,267.4 1 0
/Users/petercrawford/New tool/internal/api/handlers/merchant_portfolio_handler.go:268.3,268.9 1 1
/Users/petercrawford/New tool/internal/api/handlers/merchant_portfolio_handler.go:271.2,274.37 3 1
/Users/petercrawford/New tool/internal/api/handlers/merchant_portfolio_handler.go:278.91,281.22 3 1
/Users/petercrawford/New tool/internal/api/handlers/merchant_portfolio_handler.go:281.22,284.3 2 0
/Users/petercrawford/New tool/internal/api/handlers/merchant_portfolio_handler.go:286.2,289.61 3 1
/Users/petercrawford/New tool/internal/api/handlers/merchant_portfolio_handler.go:289.61,293.3 3 0
/Users/petercrawford/New tool/internal/api/handlers/merchant_portfolio_handler.go:296.2,297.16 2 1
/Users/petercrawford/New tool/internal/api/handlers/merchant_portfolio_handler.go:297.16,299.42 2 1
/Users/petercrawford/New tool/internal/api/handlers/merchant_portfolio_handler.go:299.42,301.4 1 1
/Users/petercrawford/New tool/internal/api/handlers/merchant_portfolio_handler.go:301.9,303.4 1 0
/Users/petercrawford/New tool/internal/api/handlers/merchant_portfolio_handler.go:304.3,304.9 1 1
/Users/petercrawford/New tool/internal/api/handlers/merchant_portfolio_handler.go:308.2,308.21 1 1
/Users/petercrawford/New tool/internal/api/handlers/merchant_portfolio_handler.go:308.21,310.3 1 1
/Users/petercrawford/New tool/internal/api/handlers/merchant_portfolio_handler.go:311.2,311.26 1 1
/Users/petercrawford/New tool/internal/api/handlers/merchant_portfolio_handler.go:311.26,313.3 1 0
/Users/petercrawford/New tool/internal/api/handlers/merchant_portfolio_handler.go:314.2,314.35 1 1
/Users/petercrawford/New tool/internal/api/handlers/merchant_portfolio_handler.go:314.35,316.3 1 0
/Users/petercrawford/New tool/internal/api/handlers/merchant_portfolio_handler.go:317.2,317.22 1 1
/Users/petercrawford/New tool/internal/api/handlers/merchant_portfolio_handler.go:317.22,319.3 1 0
/Users/petercrawford/New tool/internal/api/handlers/merchant_portfolio_handler.go:320.2,320.25 1 1
/Users/petercrawford/New tool/internal/api/handlers/merchant_portfolio_handler.go:320.25,322.3 1 0
/Users/petercrawford/New tool/internal/api/handlers/merchant_portfolio_handler.go:323.2,323.29 1 1
/Users/petercrawford/New tool/internal/api/handlers/merchant_portfolio_handler.go:323.29,325.3 1 0
/Users/petercrawford/New tool/internal/api/handlers/merchant_portfolio_handler.go:326.2,326.29 1 1
/Users/petercrawford/New tool/internal/api/handlers/merchant_portfolio_handler.go:326.29,328.3 1 0
/Users/petercrawford/New tool/internal/api/handlers/merchant_portfolio_handler.go:329.2,329.28 1 1
/Users/petercrawford/New tool/internal/api/handlers/merchant_portfolio_handler.go:329.28,331.3 1 0
/Users/petercrawford/New tool/internal/api/handlers/merchant_portfolio_handler.go:332.2,332.30 1 1
/Users/petercrawford/New tool/internal/api/handlers/merchant_portfolio_handler.go:332.30,334.3 1 0
/Users/petercrawford/New tool/internal/api/handlers/merchant_portfolio_handler.go:335.2,335.30 1 1
/Users/petercrawford/New tool/internal/api/handlers/merchant_portfolio_handler.go:335.30,337.3 1 0
/Users/petercrawford/New tool/internal/api/handlers/merchant_portfolio_handler.go:338.2,338.24 1 1
/Users/petercrawford/New tool/internal/api/handlers/merchant_portfolio_handler.go:338.24,340.3 1 0
/Users/petercrawford/New tool/internal/api/handlers/merchant_portfolio_handler.go:341.2,341.28 1 1
/Users/petercrawford/New tool/internal/api/handlers/merchant_portfolio_handler.go:341.28,343.3 1 0
/Users/petercrawford/New tool/internal/api/handlers/merchant_portfolio_handler.go:344.2,344.30 1 1
/Users/petercrawford/New tool/internal/api/handlers/merchant_portfolio_handler.go:344.30,346.3 1 0
/Users/petercrawford/New tool/internal/api/handlers/merchant_portfolio_handler.go:347.2,347.26 1 1
/Users/petercrawford/New tool/internal/api/handlers/merchant_portfolio_handler.go:347.26,349.3 1 0
/Users/petercrawford/New tool/internal/api/handlers/merchant_portfolio_handler.go:350.2,350.33 1 1
/Users/petercrawford/New tool/internal/api/handlers/merchant_portfolio_handler.go:350.33,352.3 1 0
/Users/petercrawford/New tool/internal/api/handlers/merchant_portfolio_handler.go:353.2,353.23 1 1
/Users/petercrawford/New tool/internal/api/handlers/merchant_portfolio_handler.go:353.23,355.3 1 0
/Users/petercrawford/New tool/internal/api/handlers/merchant_portfolio_handler.go:357.2,361.16 3 1
/Users/petercrawford/New tool/internal/api/handlers/merchant_portfolio_handler.go:361.16,365.3 3 0
/Users/petercrawford/New tool/internal/api/handlers/merchant_portfolio_handler.go:367.2,370.37 3 1
/Users/petercrawford/New tool/internal/api/handlers/merchant_portfolio_handler.go:374.91,377.22 3 1
/Users/petercrawford/New tool/internal/api/handlers/merchant_portfolio_handler.go:377.22,380.3 2 0
/Users/petercrawford/New tool/internal/api/handlers/merchant_portfolio_handler.go:382.2,384.93 2 1
/Users/petercrawford/New tool/internal/api/handlers/merchant_portfolio_handler.go:384.93,386.42 2 1
/Users/petercrawford/New tool/internal/api/handlers/merchant_portfolio_handler.go:386.42,388.4 1 1
/Users/petercrawford/New tool/internal/api/handlers/merchant_portfolio_handler.go:388.9,390.4 1 0
/Users/petercrawford/New tool/internal/api/handlers/merchant_portfolio_handler.go:391.3,391.9 1 1
/Users/petercrawford/New tool/internal/api/handlers/merchant_portfolio_handler.go:394.2,394.37 1 1
/Users/petercrawford/New tool/internal/api/handlers/merchant_portfolio_handler.go:402.90,409.14 5 1
/Users/petercrawford/New tool/internal/api/handlers/merchant_portfolio_handler.go:409.14,411.3 1 1
/Users/petercrawford/New tool/internal/api/handlers/merchant_portfolio_handler.go:412.2,413.18 2 1
/Users/petercrawford/New tool/internal/api/handlers/merchant_portfolio_handler.go:413.18,415.3 1 1
/Users/petercrawford/New tool/internal/api/handlers/merchant_portfolio_handler.go:416.2,416.20 1 1
/Users/petercrawford/New tool/internal/api/handlers/merchant_portfolio_handler.go:416.20,418.3 1 1
/Users/petercrawford/New tool/internal/api/handlers/merchant_portfolio_handler.go:419.2,420.18 2 1
/Users/petercrawford/New tool/internal/api/handlers/merchant_portfolio_handler.go:420.18,422.3 1 1
/Users/petercrawford/New tool/internal/api/handlers/merchant_portfolio_handler.go:423.2,424.21 2 1
/Users/petercrawford/New tool/internal/api/handlers/merchant_portfolio_handler.go:424.21,426.3 1 1
/Users/petercrawford/New tool/internal/api/handlers/merchant_portfolio_handler.go:429.2,439.16 3 1
/Users/petercrawford/New tool/internal/api/handlers/merchant_portfolio_handler.go:439.16,443.3 3 0
/Users/petercrawford/New tool/internal/api/handlers/merchant_portfolio_handler.go:446.2,447.44 2 1
/Users/petercrawford/New tool/internal/api/handlers/merchant_portfolio_handler.go:447.44,449.3 1 1
/Users/petercrawford/New tool/internal/api/handlers/merchant_portfolio_handler.go:451.2,463.37 4 1
/Users/petercrawford/New tool/internal/api/handlers/merchant_portfolio_handler.go:467.92,472.61 4 1
/Users/petercrawford/New tool/internal/api/handlers/merchant_portfolio_handler.go:472.61,476.3 3 0
/Users/petercrawford/New tool/internal/api/handlers/merchant_portfolio_handler.go:479.2,479.18 1 1
/Users/petercrawford/New tool/internal/api/handlers/merchant_portfolio_handler.go:479.18,481.3 1 1
/Users/petercrawford/New tool/internal/api/handlers/merchant_portfolio_handler.go:482.2,482.44 1 1
/Users/petercrawford/New tool/internal/api/handlers/merchant_portfolio_handler.go:482.44,484.3 1 1
/Users/petercrawford/New tool/internal/api/handlers/merchant_portfolio_handler.go:485.2,485.22 1 1
/Users/petercrawford/New tool/internal/api/handlers/merchant_portfolio_handler.go:485.22,487.3 1 1
/Users/petercrawford/New tool/internal/api/handlers/merchant_portfolio_handler.go:488.2,488.25 1 1
/Users/petercrawford/New tool/internal/api/handlers/merchant_portfolio_handler.go:488.25,490.3 1 1
/Users/petercrawford/New tool/internal/api/handlers/merchant_portfolio_handler.go:493.2,503.16 3 1
/Users/petercrawford/New tool/internal/api/handlers/merchant_portfolio_handler.go:503.16,507.3 3 0
/Users/petercrawford/New tool/internal/api/handlers/merchant_portfolio_handler.go:510.2,511.44 2 1
/Users/petercrawford/New tool/internal/api/handlers/merchant_portfolio_handler.go:511.44,513.3 1 1
/Users/petercrawford/New tool/internal/api/handlers/merchant_portfolio_handler.go:515.2,527.37 4 1
/Users/petercrawford/New tool/internal/api/handlers/merchant_portfolio_handler.go:535.96,540.61 4 1
/Users/petercrawford/New tool/internal/api/handlers/merchant_portfolio_handler.go:540.61,544.3 3 0
/Users/petercrawford/New tool/internal/api/handlers/merchant_portfolio_handler.go:547.2,547.31 1 1
/Users/petercrawford/New tool/internal/api/handlers/merchant_portfolio_handler.go:547.31,550.3 2 1
/Users/petercrawford/New tool/internal/api/handlers/merchant_portfolio_handler.go:551.2,551.25 1 1
/Users/petercrawford/New tool/internal/api/handlers/merchant_portfolio_handler.go:551.25,554.3 2 1
/Users/petercrawford/New tool/internal/api/handlers/merchant_portfolio_handler.go:557.2,560.23 3 1
/Users/petercrawford/New tool/internal/api/handlers/merchant_portfolio_handler.go:561.31,562.31 1 1
/Users/petercrawford/New tool/internal/api/handlers/merchant_portfolio_handler.go:562.31,565.4 2 1
/Users/petercrawford/New tool/internal/api/handlers/merchant_portfolio_handler.go:566.3,566.143 1 1
/Users/petercrawford/New tool/internal/api/handlers/merchant_portfolio_handler.go:567.27,568.27 1 1
/Users/petercrawford/New tool/internal/api/handlers/merchant_portfolio_handler.go:568.27,571.4 2 1
/Users/petercrawford/New tool/internal/api/handlers/merchant_portfolio_handler.go:572.3,572.131 1 1
/Users/petercrawford/New tool/internal/api/handlers/merchant_portfolio_handler.go:573.10,575.9 2 1
/Users/petercrawford/New tool/internal/api/handlers/merchant_portfolio_handler.go:577.2,577.16 1 1
/Users/petercrawford/New tool/internal/api/handlers/merchant_portfolio_handler.go:577.16,581.3 3 0
/Users/petercrawford/New tool/internal/api/handlers/merchant_portfolio_handler.go:583.2,596.37 3 1
/Users/petercrawford/New tool/internal/api/handlers/merchant_portfolio_handler.go:604.97,607.22 3 1
/Users/petercrawford/New tool/internal/api/handlers/merchant_portfolio_handler.go:607.22,610.3 2 0
/Users/petercrawford/New tool/internal/api/handlers/merchant_portfolio_handler.go:612.2,616.16 3 1
/Users/petercrawford/New tool/internal/api/handlers/merchant_portfolio_handler.go:616.16,618.42 2 1
/Users/petercrawford/New tool/internal/api/handlers/merchant_portfolio_handler.go:618.42,620.4 1 1
/Users/petercrawford/New tool/internal/api/handlers/merchant_portfolio_handler.go:620.9,622.4 1 1
/Users/petercrawford/New tool/internal/api/handlers/merchant_portfolio_handler.go:623.3,623.9 1 1
/Users/petercrawford/New tool/internal/api/handlers/merchant_portfolio_handler.go:626.2,637.37 4 1
/Users/petercrawford/New tool/internal/api/handlers/merchant_portfolio_handler.go:641.95,644.22 3 1
/Users/petercrawford/New tool/internal/api/handlers/merchant_portfolio_handler.go:644.22,647.3 2 0
/Users/petercrawford/New tool/internal/api/handlers/merchant_portfolio_handler.go:649.2,651.85 2 1
/Users/petercrawford/New tool/internal/api/handlers/merchant_portfolio_handler.go:651.85,653.41 2 1
/Users/petercrawford/New tool/internal/api/handlers/merchant_portfolio_handler.go:653.41,655.4 1 1
/Users/petercrawford/New tool/internal/api/handlers/merchant_portfolio_handler.go:655.9,657.4 1 1
/Users/petercrawford/New tool/internal/api/handlers/merchant_portfolio_handler.go:658.3,658.9 1 1
/Users/petercrawford/New tool/internal/api/handlers/merchant_portfolio_handler.go:661.2,661.37 1 1
/Users/petercrawford/New tool/internal/api/handlers/merchant_portfolio_handler.go:665.93,668.18 3 1
/Users/petercrawford/New tool/internal/api/handlers/merchant_portfolio_handler.go:668.18,671.3 2 0
/Users/petercrawford/New tool/internal/api/handlers/merchant_portfolio_handler.go:673.2,676.16 3 1
/Users/petercrawford/New tool/internal/api/handlers/merchant_portfolio_handler.go:676.16,678.41 2 1
/Users/petercrawford/New tool/internal/api/handlers/merchant_portfolio_handler.go:678.41,680.4 1 0
/Users/petercrawford/New tool/internal/api/handlers/merchant_portfolio_handler.go:680.9,682.4 1 1
/Users/petercrawford/New tool/internal/api/handlers/merchant_portfolio_handler.go:683.3,683.9 1 1
/Users/petercrawford/New tool/internal/api/handlers/merchant_portfolio_handler.go:686.2,696.37 3 1
/Users/petercrawford/New tool/internal/api/handlers/merchant_portfolio_handler.go:704.108,727.2 1 1
/Users/petercrawford/New tool/internal/api/handlers/merchant_portfolio_handler.go:730.52,732.29 2 1
/Users/petercrawford/New tool/internal/api/handlers/merchant_portfolio_handler.go:732.29,733.46 1 1
/Users/petercrawford/New tool/internal/api/handlers/merchant_portfolio_handler.go:733.46,735.4 1 1
/Users/petercrawford/New tool/internal/api/handlers/merchant_portfolio_handler.go:737.2,737.11 1 1
/Users/petercrawford/New tool/internal/api/handlers/merchant_portfolio_handler.go:741.55,742.53 1 1
/Users/petercrawford/New tool/internal/api/handlers/merchant_portfolio_handler.go:742.53,744.3 1 1
/Users/petercrawford/New tool/internal/api/handlers/merchant_portfolio_handler.go:745.2,745.17 1 0
/Users/petercrawford/New tool/internal/api/handlers/merchant_portfolio_handler.go:749.34,751.2 1 1
/Users/petercrawford/New tool/internal/api/handlers/merchant_portfolio_handler.go:754.59,755.13 1 1
/Users/petercrawford/New tool/internal/api/handlers/merchant_portfolio_handler.go:755.13,757.3 1 1
/Users/petercrawford/New tool/internal/api/handlers/merchant_portfolio_handler.go:758.2,759.12 2 1
/Users/petercrawford/New tool/internal/api/handlers/merchant_portfolio_handler.go:763.51,764.13 1 1
/Users/petercrawford/New tool/internal/api/handlers/merchant_portfolio_handler.go:764.13,766.3 1 1
/Users/petercrawford/New tool/internal/api/handlers/merchant_portfolio_handler.go:767.2,768.12 2 1
/Users/petercrawford/New tool/internal/api/handlers/merchant_portfolio_handler.go:776.96,781.61 4 0
/Users/petercrawford/New tool/internal/api/handlers/merchant_portfolio_handler.go:781.61,785.3 3 0
/Users/petercrawford/New tool/internal/api/handlers/merchant_portfolio_handler.go:788.2,788.31 1 0
/Users/petercrawford/New tool/internal/api/handlers/merchant_portfolio_handler.go:788.31,791.3 2 0
/Users/petercrawford/New tool/internal/api/handlers/merchant_portfolio_handler.go:795.2,805.37 3 0
/Users/petercrawford/New tool/internal/api/handlers/merchant_portfolio_handler.go:809.97,846.2 5 0
/Users/petercrawford/New tool/internal/api/handlers/merchant_portfolio_handler.go:849.94,887.2 6 0
/Users/petercrawford/New tool/internal/api/handlers/merchant_portfolio_handler.go:890.90,925.2 6 0
/Users/petercrawford/New tool/internal/api/handlers/merchant_portfolio_handler.go:928.98,959.2 5 0
