[0;34m[2025-08-10 20:54:44][0m Starting KYB Tool security scanning...
[0;34m[2025-08-10 20:54:44][0m Scan directory: .
[0;34m[2025-08-10 20:54:44][0m Output directory: ./security-reports
[0;34m[2025-08-10 20:54:44][0m Scan type: all
[0;34m[2025-08-10 20:54:44][0m Checking security scanning dependencies...
[0;31m[ERROR][0m Missing required security tools: gosec govulncheck trivy
[0;31m[ERROR][0m Please install missing tools:
[0;34m[2025-08-10 21:02:18][0m Starting KYB Tool security scanning...
[0;34m[2025-08-10 21:02:18][0m Scan directory: .
[0;34m[2025-08-10 21:02:18][0m Output directory: ./security-reports
[0;34m[2025-08-10 21:02:18][0m Scan type: all
[0;34m[2025-08-10 21:02:18][0m Checking security scanning dependencies...
[0;31m[ERROR][0m Missing required security tools: gosec govulncheck
[0;31m[ERROR][0m Please install missing tools:
[0;34m[2025-08-10 21:02:36][0m Starting KYB Tool security scanning...
[0;34m[2025-08-10 21:02:36][0m Scan directory: .
[0;34m[2025-08-10 21:02:36][0m Output directory: ./security-reports
[0;34m[2025-08-10 21:02:36][0m Scan type: all
[0;34m[2025-08-10 21:02:36][0m Checking security scanning dependencies...
[0;32m[SUCCESS][0m All security tools are available
[0;34m[2025-08-10 21:02:36][0m Starting static code security analysis...
[0;34m[2025-08-10 21:02:36][0m Running gosec security scanner...
[1;33m[WARNING][0m gosec scan completed with issues
[0;31m[ERROR][0m Found 1 critical security issues
