Wed Aug 20 06:00:57 EDT 2025: Starting cleanup health check
Wed Aug 20 06:16:57 EDT 2025: Cleanup health check passed
Thu Aug 21 06:00:10 EDT 2025: Starting cleanup health check
Thu Aug 21 06:00:28 EDT 2025: Cleanup health check passed
[0;34m=== KYB Platform - Comprehensive Cleanup Runner ===[0m
[0;34mℹ[0m Starting cleanup process at Sat Aug 23 02:00:01 EDT 2025
[0;34mℹ[0m Project root: /Users/petercrawford/New tool
[0;34mℹ[0m Mode: LIVE
[0;34mℹ[0m Shell cleanup: false
[0;34mℹ[0m Go cleanup: true
[0;34mℹ[0m Checking dependencies...
Please install the missing dependencies before running.
[0;34mℹ[0m Cleanup runner terminated
[0;34m=== KYB Platform - Comprehensive Cleanup Runner ===[0m
[0;34mℹ[0m Starting cleanup process at Sun Aug 24 01:00:01 EDT 2025
[0;34mℹ[0m Project root: /Users/petercrawford/New tool
[0;34mℹ[0m Mode: LIVE
[0;34mℹ[0m Shell cleanup: false
[0;34mℹ[0m Go cleanup: true
[0;34mℹ[0m Checking dependencies...
Please install the missing dependencies before running.
[0;34mℹ[0m Cleanup runner terminated
[0;34m=== KYB Platform - Comprehensive Cleanup Runner ===[0m
[0;34mℹ[0m Starting cleanup process at Sun Aug 24 02:00:00 EDT 2025
[0;34mℹ[0m Project root: /Users/petercrawford/New tool
[0;34mℹ[0m Mode: LIVE
[0;34mℹ[0m Shell cleanup: false
[0;34mℹ[0m Go cleanup: true
[0;34mℹ[0m Checking dependencies...
Please install the missing dependencies before running.
[0;34mℹ[0m Cleanup runner terminated
[0;34m=== KYB Platform - Comprehensive Cleanup Runner ===[0m
[0;34mℹ[0m Starting cleanup process at Thu Sep  4 02:00:07 EDT 2025
[0;34mℹ[0m Project root: /Users/petercrawford/New tool
[0;34mℹ[0m Mode: LIVE
[0;34mℹ[0m Shell cleanup: false
[0;34mℹ[0m Go cleanup: true
[0;34mℹ[0m Checking dependencies...
Please install the missing dependencies before running.
[0;34mℹ[0m Cleanup runner terminated
Fri Sep  5 06:00:01 EDT 2025: Starting cleanup health check
Fri Sep  5 06:00:01 EDT 2025: Cleanup health check passed
[0;34m=== KYB Platform - Comprehensive Cleanup Runner ===[0m
[0;34mℹ[0m Starting cleanup process at Sat Sep  6 02:00:01 EDT 2025
[0;34mℹ[0m Project root: /Users/petercrawford/New tool
[0;34mℹ[0m Mode: LIVE
[0;34mℹ[0m Shell cleanup: false
[0;34mℹ[0m Go cleanup: true
[0;34mℹ[0m Checking dependencies...
Please install the missing dependencies before running.
[0;34mℹ[0m Cleanup runner terminated
[0;34m=== KYB Platform - Comprehensive Cleanup Runner ===[0m
[0;34mℹ[0m Starting cleanup process at Sun Sep  7 01:00:01 EDT 2025
[0;34mℹ[0m Project root: /Users/petercrawford/New tool
[0;34mℹ[0m Mode: LIVE
[0;34mℹ[0m Shell cleanup: false
[0;34mℹ[0m Go cleanup: true
[0;34mℹ[0m Checking dependencies...
Please install the missing dependencies before running.
[0;34mℹ[0m Cleanup runner terminated
[0;34m=== KYB Platform - Comprehensive Cleanup Runner ===[0m
[0;34mℹ[0m Starting cleanup process at Sun Sep  7 02:00:49 EDT 2025
[0;34mℹ[0m Project root: /Users/petercrawford/New tool
[0;34mℹ[0m Mode: LIVE
[0;34mℹ[0m Shell cleanup: false
[0;34mℹ[0m Go cleanup: true
[0;34mℹ[0m Checking dependencies...
Please install the missing dependencies before running.
[0;34mℹ[0m Cleanup runner terminated
[0;34m=== KYB Platform - Comprehensive Cleanup Runner ===[0m
[0;34mℹ[0m Starting cleanup process at Mon Sep  8 02:00:22 EDT 2025
[0;34mℹ[0m Project root: /Users/petercrawford/New tool
[0;34mℹ[0m Mode: LIVE
[0;34mℹ[0m Shell cleanup: false
[0;34mℹ[0m Go cleanup: true
[0;34mℹ[0m Checking dependencies...
Please install the missing dependencies before running.
[0;34mℹ[0m Cleanup runner terminated
[0;34m=== KYB Platform - Comprehensive Cleanup Runner ===[0m
[0;34mℹ[0m Starting cleanup process at Sat Sep 13 02:00:02 EDT 2025
[0;34mℹ[0m Project root: /Users/petercrawford/New tool
[0;34mℹ[0m Mode: LIVE
[0;34mℹ[0m Shell cleanup: false
[0;34mℹ[0m Go cleanup: true
[0;34mℹ[0m Checking dependencies...
Please install the missing dependencies before running.
[0;34mℹ[0m Cleanup runner terminated
[0;34m=== KYB Platform - Comprehensive Cleanup Runner ===[0m
[0;34mℹ[0m Starting cleanup process at Sun Sep 14 01:00:00 EDT 2025
[0;34mℹ[0m Project root: /Users/petercrawford/New tool
[0;34mℹ[0m Mode: LIVE
[0;34mℹ[0m Shell cleanup: false
[0;34mℹ[0m Go cleanup: true
[0;34mℹ[0m Checking dependencies...
Please install the missing dependencies before running.
[0;34mℹ[0m Cleanup runner terminated
[0;34m=== KYB Platform - Comprehensive Cleanup Runner ===[0m
[0;34mℹ[0m Starting cleanup process at Sun Sep 14 02:03:54 EDT 2025
[0;34mℹ[0m Project root: /Users/petercrawford/New tool
[0;34mℹ[0m Mode: LIVE
[0;34mℹ[0m Shell cleanup: false
[0;34mℹ[0m Go cleanup: true
[0;34mℹ[0m Checking dependencies...
Please install the missing dependencies before running.
[0;34mℹ[0m Cleanup runner terminated
[0;34m=== KYB Platform - Comprehensive Cleanup Runner ===[0m
[0;34mℹ[0m Starting cleanup process at Mon Sep 15 02:00:00 EDT 2025
[0;34mℹ[0m Project root: /Users/petercrawford/New tool
[0;34mℹ[0m Mode: LIVE
[0;34mℹ[0m Shell cleanup: false
[0;34mℹ[0m Go cleanup: true
[0;34mℹ[0m Checking dependencies...
Please install the missing dependencies before running.
[0;34mℹ[0m Cleanup runner terminated
Tue Sep 16 06:00:25 EDT 2025: Starting cleanup health check
ALERT: Disk usage is 95% - cleanup may be needed
Tue Sep 16 06:00:26 EDT 2025: Cleanup health check failed
Thu Sep 18 06:00:31 EDT 2025: Starting cleanup health check
ALERT: Disk usage is 97% - cleanup may be needed
Thu Sep 18 06:00:34 EDT 2025: Cleanup health check failed
[0;34m=== KYB Platform - Comprehensive Cleanup Runner ===[0m
[0;34mℹ[0m Starting cleanup process at Sun Sep 21 01:00:03 EDT 2025
[0;34mℹ[0m Project root: /Users/petercrawford/New tool
[0;34mℹ[0m Mode: LIVE
[0;34mℹ[0m Shell cleanup: false
[0;34mℹ[0m Go cleanup: true
[0;34mℹ[0m Checking dependencies...
Please install the missing dependencies before running.
[0;34mℹ[0m Cleanup runner terminated
[0;34m=== KYB Platform - Comprehensive Cleanup Runner ===[0m
[0;34mℹ[0m Starting cleanup process at Wed Sep 24 02:00:01 EDT 2025
[0;34mℹ[0m Project root: /Users/petercrawford/New tool
[0;34mℹ[0m Mode: LIVE
[0;34mℹ[0m Shell cleanup: false
[0;34mℹ[0m Go cleanup: true
[0;34mℹ[0m Checking dependencies...
Please install the missing dependencies before running.
[0;34mℹ[0m Cleanup runner terminated
Thu Sep 25 06:08:55 EDT 2025: Starting cleanup health check
ALERT: Disk usage is 100% - cleanup may be needed
Thu Sep 25 06:08:57 EDT 2025: Cleanup health check failed
[0;34m=== KYB Platform - Comprehensive Cleanup Runner ===[0m
[0;34mℹ[0m Starting cleanup process at Sun Sep 28 01:00:00 EDT 2025
[0;34mℹ[0m Project root: /Users/petercrawford/New tool
[0;34mℹ[0m Mode: LIVE
[0;34mℹ[0m Shell cleanup: false
[0;34mℹ[0m Go cleanup: true
[0;34mℹ[0m Checking dependencies...
Please install the missing dependencies before running.
[0;34mℹ[0m Cleanup runner terminated
[0;34m=== KYB Platform - Comprehensive Cleanup Runner ===[0m
[0;34mℹ[0m Starting cleanup process at Sun Sep 28 02:00:00 EDT 2025
[0;34mℹ[0m Project root: /Users/petercrawford/New tool
[0;34mℹ[0m Mode: LIVE
[0;34mℹ[0m Shell cleanup: false
[0;34mℹ[0m Go cleanup: true
[0;34mℹ[0m Checking dependencies...
Please install the missing dependencies before running.
[0;34mℹ[0m Cleanup runner terminated
Sun Sep 28 06:00:00 EDT 2025: Starting cleanup health check
ALERT: Disk usage is 95% - cleanup may be needed
Sun Sep 28 06:00:00 EDT 2025: Cleanup health check failed
[0;34m=== KYB Platform - Comprehensive Cleanup Runner ===[0m
[0;34mℹ[0m Starting cleanup process at Tue Sep 30 02:00:00 EDT 2025
[0;34mℹ[0m Project root: /Users/petercrawford/New tool
[0;34mℹ[0m Mode: LIVE
[0;34mℹ[0m Shell cleanup: false
[0;34mℹ[0m Go cleanup: true
[0;34mℹ[0m Checking dependencies...
Please install the missing dependencies before running.
[0;34mℹ[0m Cleanup runner terminated
Tue Sep 30 06:00:00 EDT 2025: Starting cleanup health check
ALERT: Disk usage is 97% - cleanup may be needed
Tue Sep 30 06:00:00 EDT 2025: Cleanup health check failed
[0;34m=== KYB Platform - Comprehensive Cleanup Runner ===[0m
[0;34mℹ[0m Starting cleanup process at Wed Oct  1 00:00:01 EDT 2025
[0;34mℹ[0m Project root: /Users/petercrawford/New tool
[0;34mℹ[0m Mode: LIVE
[0;34mℹ[0m Shell cleanup: false
[0;34mℹ[0m Go cleanup: true
[0;34mℹ[0m Checking dependencies...
Please install the missing dependencies before running.
[0;34mℹ[0m Cleanup runner terminated
Thu Oct  2 06:00:41 EDT 2025: Starting cleanup health check
ALERT: Disk usage is 97% - cleanup may be needed
Thu Oct  2 06:00:42 EDT 2025: Cleanup health check failed
[0;34m=== KYB Platform - Comprehensive Cleanup Runner ===[0m
[0;34mℹ[0m Starting cleanup process at Wed Oct  8 02:00:00 EDT 2025
[0;34mℹ[0m Project root: /Users/petercrawford/New tool
[0;34mℹ[0m Mode: LIVE
[0;34mℹ[0m Shell cleanup: false
[0;34mℹ[0m Go cleanup: true
[0;34mℹ[0m Checking dependencies...
Please install the missing dependencies before running.
[0;34mℹ[0m Cleanup runner terminated
Wed Oct  8 06:00:03 EDT 2025: Starting cleanup health check
ALERT: Disk usage is 98% - cleanup may be needed
Wed Oct  8 06:00:04 EDT 2025: Cleanup health check failed
Fri Oct 10 06:00:21 EDT 2025: Starting cleanup health check
Fri Oct 10 06:00:22 EDT 2025: Cleanup health check passed
[0;34m=== KYB Platform - Comprehensive Cleanup Runner ===[0m
[0;34mℹ[0m Starting cleanup process at Sat Oct 11 02:00:00 EDT 2025
[0;34mℹ[0m Project root: /Users/petercrawford/New tool
[0;34mℹ[0m Mode: LIVE
[0;34mℹ[0m Shell cleanup: false
[0;34mℹ[0m Go cleanup: true
[0;34mℹ[0m Checking dependencies...
Please install the missing dependencies before running.
[0;34mℹ[0m Cleanup runner terminated
Mon Oct 13 06:00:46 EDT 2025: Starting cleanup health check
ALERT: Disk usage is 93% - cleanup may be needed
Mon Oct 13 06:00:47 EDT 2025: Cleanup health check failed
[0;34m=== KYB Platform - Comprehensive Cleanup Runner ===[0m
[0;34mℹ[0m Starting cleanup process at Fri Oct 17 02:00:01 EDT 2025
[0;34mℹ[0m Project root: /Users/petercrawford/New tool
[0;34mℹ[0m Mode: LIVE
[0;34mℹ[0m Shell cleanup: false
[0;34mℹ[0m Go cleanup: true
[0;34mℹ[0m Checking dependencies...
Please install the missing dependencies before running.
[0;34mℹ[0m Cleanup runner terminated
